2026-01-27 17:16:49 - INFO - [>>] REQUEST: GET www.msftconnecttest.com/connecttest.txt
2026-01-27 17:16:49 - INFO - [>>] REQUEST: GET www.msftconnecttest.com/connecttest.txt
2026-01-27 17:16:49 - INFO - [<<] RESPONSE: Status 200
2026-01-27 17:16:49 - INFO - [<<] RESPONSE: Status 200
2026-01-27 17:17:00 - INFO - [>>] REQUEST: GET google-gruyere.appspot.com/530967730722774588762280978623274731247
2026-01-27 17:17:01 - INFO - [<<] RESPONSE: Status 302
2026-01-27 17:17:01 - INFO - [>>] REQUEST: GET google-gruyere.appspot.com/530967730722774588762280978623274731247/
2026-01-27 17:17:01 - INFO - [<<] RESPONSE: Status 200
2026-01-27 17:17:01 - INFO - [>>] REQUEST: GET google-gruyere.appspot.com/530967730722774588762280978623274731247/lib.js
2026-01-27 17:17:01 - INFO - [<<] RESPONSE: Status 200
2026-01-27 17:17:01 - INFO - [>>] REQUEST: GET google-gruyere.appspot.com/530967730722774588762280978623274731247/cheese.png
2026-01-27 17:17:02 - INFO - [<<] RESPONSE: Status 200
2026-01-27 17:17:09 - INFO - [>>] REQUEST: HEAD download.amd.com/cccads/cccad-137.json
2026-01-27 17:17:09 - INFO - [<<] RESPONSE: Status 301
2026-01-27 17:17:10 - INFO - [>>] REQUEST: GET google-gruyere.appspot.com/530967730722774588762280978623274731247/login
2026-01-27 17:17:10 - INFO - [<<] RESPONSE: Status 200
2026-01-27 17:17:24 - INFO - [>>] REQUEST: GET www.msftconnecttest.com/connecttest.txt
2026-01-27 17:17:24 - INFO - [>>] REQUEST: GET www.msftconnecttest.com/connecttest.txt
2026-01-27 17:17:24 - INFO - [<<] RESPONSE: Status 200
2026-01-27 17:17:24 - INFO - [<<] RESPONSE: Status 200
2026-01-27 17:18:14 - INFO - [>>] REQUEST: GET google-gruyere.appspot.com/530967730722774588762280978623274731247/login?uid=%3Cscript%3Ealert%28%27Kazakhtar+rulyat%21%27%29%3C%2Fscript%3E&pw=
2026-01-27 17:18:14 - INFO - [<<] RESPONSE: Status 200
2026-01-27 17:18:35 - INFO - [>>] REQUEST: GET www.msftncsi.com/connecttest.txt
2026-01-27 17:18:35 - INFO - [>>] REQUEST: GET www.msftncsi.com/connecttest.txt
2026-01-27 17:18:35 - INFO - [<<] RESPONSE: Status 200
2026-01-27 17:18:35 - INFO - [<<] RESPONSE: Status 200
2026-01-27 17:18:47 - INFO - [>>] REQUEST: GET google-gruyere.appspot.com/530967730722774588762280978623274731247/%3Cscript%3Ealert('Kazakhtar+rulyat!')%3C/script%3E
2026-01-27 17:18:47 - INFO - [<<] RESPONSE: Status 200
2026-01-27 17:18:47 - INFO - [>>] REQUEST: GET google-gruyere.appspot.com/530967730722774588762280978623274731247/%3Cscript%3Ealert('Kazakhtar+rulyat!')%3C/cheese.png
2026-01-27 17:18:47 - INFO - [<<] RESPONSE: Status 200
2026-01-27 17:19:03 - INFO - [>>] REQUEST: POST 149.154.167.50:80/api
2026-01-27 17:19:03 - INFO - [>>] REQUEST: POST 149.154.167.51:80/api
2026-01-27 17:19:03 - INFO - [>>] REQUEST: POST 149.154.167.41:80/api
2026-01-27 17:19:03 - INFO - [>>] REQUEST: POST 149.154.167.50:80/api
2026-01-27 17:19:03 - INFO - [>>] REQUEST: POST 149.154.167.41:80/api
2026-01-27 17:19:03 - INFO - [>>] REQUEST: POST 149.154.167.51:80/api
2026-01-27 17:19:03 - INFO - [>>] REQUEST: POST 149.154.167.51:80/api
2026-01-27 17:19:03 - INFO - [>>] REQUEST: POST 149.154.167.41:80/api
2026-01-27 17:19:03 - INFO - [>>] REQUEST: POST 149.154.167.50:80/api
2026-01-27 17:19:03 - INFO - [>>] REQUEST: POST 149.154.167.51:80/api
2026-01-27 17:19:03 - INFO - [>>] REQUEST: POST 149.154.167.41:80/api
2026-01-27 17:19:03 - INFO - [>>] REQUEST: POST 149.154.167.50:80/api
2026-01-27 17:19:03 - INFO - [<<] RESPONSE: Status 200
2026-01-27 17:19:03 - INFO - [<<] RESPONSE: Status 200
2026-01-27 17:19:03 - INFO - [<<] RESPONSE: Status 200
2026-01-27 17:19:05 - INFO - [>>] REQUEST: POST 149.154.167.91:80/api
2026-01-27 17:19:06 - INFO - [>>] REQUEST: POST 149.154.167.91:80/api
2026-01-27 17:19:06 - INFO - [<<] RESPONSE: Status 200
2026-01-27 17:19:08 - INFO - [>>] REQUEST: GET www.msftconnecttest.com/connecttest.txt
2026-01-27 17:19:08 - INFO - [<<] RESPONSE: Status 200
2026-01-27 17:19:24 - INFO - [>>] REQUEST: GET google-gruyere.appspot.com/530967730722774588762280978623274731247/
2026-01-27 17:19:25 - INFO - [<<] RESPONSE: Status 200
2026-01-27 17:19:30 - INFO - [>>] REQUEST: GET google-gruyere.appspot.com/530967730722774588762280978623274731247/snippets.gtl?uid=brie
2026-01-27 17:19:31 - INFO - [<<] RESPONSE: Status 200
2026-01-27 17:19:43 - INFO - [>>] REQUEST: GET www.msftconnecttest.com/connecttest.txt
2026-01-27 17:19:43 - INFO - [>>] REQUEST: GET www.msftconnecttest.com/connecttest.txt
2026-01-27 17:19:43 - INFO - [>>] REQUEST: GET www.msftconnecttest.com/connecttest.txt
2026-01-27 17:19:43 - INFO - [<<] RESPONSE: Status 200
2026-01-27 17:19:43 - INFO - [<<] RESPONSE: Status 200
2026-01-27 17:19:43 - INFO - [<<] RESPONSE: Status 200
2026-01-27 17:19:52 - INFO - [>>] REQUEST: GET google-gruyere.appspot.com/530967730722774588762280978623274731247/snippets.gtl?uid=brie
2026-01-27 17:19:52 - INFO - [<<] RESPONSE: Status 200
2026-01-27 17:20:08 - INFO - [>>] REQUEST: GET detectportal.firefox.com/success.txt?ipv4
2026-01-27 17:20:08 - INFO - [>>] REQUEST: GET detectportal.firefox.com/canonical.html
2026-01-27 17:20:08 - INFO - [<<] RESPONSE: Status 200
2026-01-27 17:20:08 - INFO - [<<] RESPONSE: Status 200
2026-01-27 17:20:08 - INFO - [>>] REQUEST: GET detectportal.firefox.com/success.txt?ipv4
2026-01-27 17:20:08 - INFO - [<<] RESPONSE: Status 200
2026-01-27 17:20:19 - INFO - [>>] REQUEST: GET www.msftconnecttest.com/connecttest.txt
2026-01-27 17:20:19 - INFO - [>>] REQUEST: GET www.msftconnecttest.com/connecttest.txt
2026-01-27 17:20:19 - INFO - [>>] REQUEST: GET www.msftconnecttest.com/connecttest.txt
2026-01-27 17:20:19 - INFO - [<<] RESPONSE: Status 200
2026-01-27 17:20:19 - INFO - [<<] RESPONSE: Status 200
2026-01-27 17:20:19 - INFO - [<<] RESPONSE: Status 200
2026-01-27 17:20:37 - INFO - [>>] REQUEST: GET www.msftconnecttest.com/connecttest.txt
2026-01-27 17:20:37 - INFO - [<<] RESPONSE: Status 200
2026-01-27 17:21:12 - INFO - [>>] REQUEST: GET www.msftconnecttest.com/connecttest.txt
2026-01-27 17:21:12 - INFO - [>>] REQUEST: GET www.msftconnecttest.com/connecttest.txt
2026-01-27 17:21:12 - INFO - [>>] REQUEST: GET www.msftconnecttest.com/connecttest.txt
2026-01-27 17:21:13 - INFO - [<<] RESPONSE: Status 200
2026-01-27 17:21:13 - INFO - [<<] RESPONSE: Status 200
2026-01-27 17:21:13 - INFO - [<<] RESPONSE: Status 200
2026-01-27 17:21:48 - INFO - [>>] REQUEST: GET www.msftconnecttest.com/connecttest.txt
2026-01-27 17:21:48 - INFO - [>>] REQUEST: GET www.msftconnecttest.com/connecttest.txt
2026-01-27 17:21:48 - INFO - [>>] REQUEST: GET www.msftconnecttest.com/connecttest.txt
2026-01-27 17:21:48 - INFO - [<<] RESPONSE: Status 200
2026-01-27 17:21:48 - INFO - [<<] RESPONSE: Status 200
2026-01-27 17:21:48 - INFO - [<<] RESPONSE: Status 200
2026-01-27 17:21:49 - INFO - [>>] REQUEST: GET download.windowsupdate.com/d/msdownload/update/others/2026/01/44638351_4d0a12427a2df67694bc8a2dfd2db21a499914d8.cab
2026-01-27 17:21:49 - INFO - [<<] RESPONSE: Status 200
2026-01-27 17:21:49 - INFO - [>>] REQUEST: GET download.windowsupdate.com/d/msdownload/update/others/2026/01/44638350_49c4563d83c1c501e6e04367918ac926b94f31da.cab
2026-01-27 17:21:49 - INFO - [<<] RESPONSE: Status 200
2026-01-27 17:21:49 - INFO - [>>] REQUEST: GET download.windowsupdate.com/d/msdownload/update/others/2026/01/44637757_062b77cc1ea746ea482f0b3ca7e2ca485b402972.cab
2026-01-27 17:21:49 - INFO - [<<] RESPONSE: Status 200
2026-01-27 17:21:49 - INFO - [>>] REQUEST: GET download.windowsupdate.com/d/msdownload/update/others/2026/01/44637756_c2aee02feefa56d57ee8f106e5af161d6bd75a74.cab
2026-01-27 17:21:49 - INFO - [<<] RESPONSE: Status 200
2026-01-27 17:21:49 - INFO - [>>] REQUEST: GET download.windowsupdate.com/c/msdownload/update/others/2026/01/44637179_65a376287b8235b2657c3f5b1b3dd07641065f48.cab
2026-01-27 17:21:49 - INFO - [<<] RESPONSE: Status 200
2026-01-27 17:21:49 - INFO - [>>] REQUEST: GET download.windowsupdate.com/c/msdownload/update/others/2026/01/44637178_a9dafa4f50a91650cc408862acab368597fa8fd1.cab
2026-01-27 17:21:50 - INFO - [<<] RESPONSE: Status 200
2026-01-27 17:21:50 - INFO - [>>] REQUEST: GET download.windowsupdate.com/d/msdownload/update/others/2026/01/44640323_540393b8e4cf39e3b2f7fc140d95ab008273089b.cab
2026-01-27 17:21:50 - INFO - [<<] RESPONSE: Status 200
2026-01-27 17:21:50 - INFO - [>>] REQUEST: GET download.windowsupdate.com/d/msdownload/update/others/2026/01/44640164_681bb066bb657f2d70919579f4388232f8a95931.cab
2026-01-27 17:21:50 - INFO - [<<] RESPONSE: Status 200
2026-01-27 17:21:50 - INFO - [>>] REQUEST: GET download.windowsupdate.com/c/msdownload/update/others/2026/01/44639702_d50ad089ddc4efb36f3d710296d6c7ae0b6fdc09.cab
2026-01-27 17:21:50 - INFO - [<<] RESPONSE: Status 200
2026-01-27 17:21:50 - INFO - [>>] REQUEST: GET download.windowsupdate.com/c/msdownload/update/others/2026/01/44639599_34213ddaf311f144fe385608c194fdd5dbe71b4e.cab
2026-01-27 17:21:50 - INFO - [<<] RESPONSE: Status 200
2026-01-27 17:21:50 - INFO - [>>] REQUEST: GET download.windowsupdate.com/c/msdownload/update/others/2026/01/44639135_7bf203175b4af7ea4b81259dd17307b1ed34aea1.cab
2026-01-27 17:21:50 - INFO - [<<] RESPONSE: Status 200
2026-01-27 17:21:50 - INFO - [>>] REQUEST: GET download.windowsupdate.com/d/msdownload/update/others/2026/01/44639025_bed9b3ee5ae8a84afc81b3e8169a0cc96b70958a.cab
2026-01-27 17:21:50 - INFO - [<<] RESPONSE: Status 200
2026-01-27 17:21:50 - INFO - [>>] REQUEST: GET download.windowsupdate.com/d/msdownload/update/others/2026/01/44638553_67a40db21d23e390e870a500ba1e5aa56b376c12.cab
2026-01-27 17:21:50 - INFO - [<<] RESPONSE: Status 200
2026-01-27 17:21:50 - INFO - [>>] REQUEST: GET download.windowsupdate.com/d/msdownload/update/others/2026/01/44638450_3a7b37fa6daf56f846c177fe5153197354ab5291.cab
2026-01-27 17:21:50 - INFO - [<<] RESPONSE: Status 200
2026-01-27 17:21:50 - INFO - [>>] REQUEST: GET download.windowsupdate.com/d/msdownload/update/others/2026/01/44637856_be3a7015a41cd4f8e62f693721aa14f40fb7aaba.cab
2026-01-27 17:21:51 - INFO - [<<] RESPONSE: Status 200
2026-01-27 17:21:51 - INFO - [>>] REQUEST: GET download.windowsupdate.com/c/msdownload/update/others/2026/01/44637278_28d9ce01ecff9149d0e6068b5010b79d5989cec6.cab
2026-01-27 17:21:51 - INFO - [<<] RESPONSE: Status 200
2026-01-27 17:21:52 - INFO - [>>] REQUEST: GET download.windowsupdate.com/d/msdownload/update/others/2026/01/44638926_9df6a47d9c390b2ca8e40291d34f6f45c5a534b7.cab
2026-01-27 17:21:52 - INFO - [<<] RESPONSE: Status 200
2026-01-27 17:21:52 - INFO - [>>] REQUEST: GET download.windowsupdate.com/d/msdownload/update/others/2026/01/44638925_182c1111f746d2cb5837d1a2043c8b691cf33501.cab
2026-01-27 17:21:52 - INFO - [<<] RESPONSE: Status 200
2026-01-27 17:21:52 - INFO - [>>] REQUEST: GET download.windowsupdate.com/d/msdownload/update/others/2026/01/44638536_0f23d5e7cce4788a1bb657db4f9ebeeb4dd03769.cab
2026-01-27 17:21:52 - INFO - [<<] RESPONSE: Status 200
2026-01-27 17:21:52 - INFO - [>>] REQUEST: GET download.windowsupdate.com/d/msdownload/update/others/2026/01/44638535_bde269c9de0eaa1af08882dca5214e8344c12cc9.cab
2026-01-27 17:21:52 - INFO - [<<] RESPONSE: Status 200
2026-01-27 17:21:52 - INFO - [>>] REQUEST: GET download.windowsupdate.com/d/msdownload/update/others/2026/01/44638534_cac9c1128c13ff56bfbf960cde75999923cf3860.cab
2026-01-27 17:21:52 - INFO - [<<] RESPONSE: Status 200
2026-01-27 17:21:52 - INFO - [>>] REQUEST: GET download.windowsupdate.com/d/msdownload/update/others/2026/01/44638533_98123cad59bb497838b342a3ed17ea06173f8c4b.cab
2026-01-27 17:21:52 - INFO - [<<] RESPONSE: Status 200
2026-01-27 17:21:52 - INFO - [>>] REQUEST: GET download.windowsupdate.com/d/msdownload/update/others/2026/01/44638532_4a76260b589333ec59e488abd61c639a438c17c7.cab
2026-01-27 17:21:52 - INFO - [<<] RESPONSE: Status 200
2026-01-27 17:21:52 - INFO - [>>] REQUEST: GET download.windowsupdate.com/d/msdownload/update/others/2026/01/44638531_c13e9adf9725bfff693c3688398c440afd9ede53.cab
2026-01-27 17:21:52 - INFO - [<<] RESPONSE: Status 200
2026-01-27 17:21:52 - INFO - [>>] REQUEST: GET download.windowsupdate.com/d/msdownload/update/others/2026/01/44638530_511deab2f8f994fe7d18d7f7ae722d0ca693c1ec.cab
2026-01-27 17:21:52 - INFO - [<<] RESPONSE: Status 200
2026-01-27 17:21:52 - INFO - [>>] REQUEST: GET download.windowsupdate.com/d/msdownload/update/others/2026/01/44638529_7605b26ee719e8ec775e1326c98459c37fd31c07.cab
2026-01-27 17:21:53 - INFO - [<<] RESPONSE: Status 200
2026-01-27 17:21:53 - INFO - [>>] REQUEST: GET download.windowsupdate.com/d/msdownload/update/others/2026/01/44638528_711d3900fca513428bb9ec860ffade7203150aa8.cab
2026-01-27 17:21:53 - INFO - [<<] RESPONSE: Status 200
2026-01-27 17:21:53 - INFO - [>>] REQUEST: GET download.windowsupdate.com/d/msdownload/update/others/2026/01/44638527_c75495206afccce2db299a4195f4698b8b8eccea.cab
2026-01-27 17:21:53 - INFO - [<<] RESPONSE: Status 200
2026-01-27 17:21:53 - INFO - [>>] REQUEST: GET download.windowsupdate.com/d/msdownload/update/others/2026/01/44638526_7e50d27e72df154fbfadc68295712b25560e7984.cab
2026-01-27 17:21:53 - INFO - [<<] RESPONSE: Status 200
2026-01-27 17:21:53 - INFO - [>>] REQUEST: GET download.windowsupdate.com/d/msdownload/update/others/2026/01/44638525_b8f3e3fbed3222da6c522efba2a0bc25511e788c.cab
2026-01-27 17:21:53 - INFO - [<<] RESPONSE: Status 200
2026-01-27 17:21:53 - INFO - [>>] REQUEST: GET download.windowsupdate.com/d/msdownload/update/others/2026/01/44638524_5e3879341053c69921a1f5d71d8d61622f99511d.cab
2026-01-27 17:21:53 - INFO - [<<] RESPONSE: Status 200
2026-01-27 17:21:53 - INFO - [>>] REQUEST: GET download.windowsupdate.com/d/msdownload/update/others/2026/01/44638523_944f758a53247f1f55a11f2d6cad75615a3cc15c.cab
2026-01-27 17:21:53 - INFO - [<<] RESPONSE: Status 200
2026-01-27 17:21:53 - INFO - [>>] REQUEST: GET download.windowsupdate.com/d/msdownload/update/others/2026/01/44638522_72c22dac1a1466b0a1844b75617f92c75598997a.cab
2026-01-27 17:21:53 - INFO - [<<] RESPONSE: Status 200
2026-01-27 17:21:53 - INFO - [>>] REQUEST: GET download.windowsupdate.com/d/msdownload/update/others/2026/01/44638521_7141d68ed880498b648a2514517680e7552d43ce.cab
2026-01-27 17:21:53 - INFO - [<<] RESPONSE: Status 200
2026-01-27 17:21:53 - INFO - [>>] REQUEST: GET download.windowsupdate.com/d/msdownload/update/others/2026/01/44638504_2b8cb656f500f319ea6b08b447fc8bed71420afd.cab
2026-01-27 17:21:54 - INFO - [<<] RESPONSE: Status 200
2026-01-27 17:21:54 - INFO - [>>] REQUEST: GET download.windowsupdate.com/d/msdownload/update/others/2026/01/44638503_a7557a8db0047397ca7593da662fba78b60c1e9e.cab
2026-01-27 17:21:54 - INFO - [<<] RESPONSE: Status 200
2026-01-27 17:21:54 - INFO - [>>] REQUEST: GET download.windowsupdate.com/d/msdownload/update/others/2026/01/44638502_78690686e6f65661153e59c53f7078c751ddccd0.cab
2026-01-27 17:21:54 - INFO - [<<] RESPONSE: Status 200
2026-01-27 17:21:54 - INFO - [>>] REQUEST: GET download.windowsupdate.com/d/msdownload/update/others/2026/01/44638501_569395bc57caafee42ec1a8c639a8698a5b7d696.cab
2026-01-27 17:21:54 - INFO - [<<] RESPONSE: Status 200
2026-01-27 17:21:54 - INFO - [>>] REQUEST: GET download.windowsupdate.com/d/msdownload/update/others/2026/01/44638500_fae8e766deb281e53d600fb0a2746bf3bd84d23a.cab
2026-01-27 17:21:54 - INFO - [<<] RESPONSE: Status 200
2026-01-27 17:21:54 - INFO - [>>] REQUEST: GET download.windowsupdate.com/d/msdownload/update/others/2026/01/44638499_fa887cf6a3d581bdbcfd3d66ec1afed5cd1da332.cab
2026-01-27 17:21:54 - INFO - [<<] RESPONSE: Status 200
2026-01-27 17:21:54 - INFO - [>>] REQUEST: GET download.windowsupdate.com/d/msdownload/update/others/2026/01/44638498_86c5b5afa32c3ebd54f452478ff4444fc3f8ac5e.cab
2026-01-27 17:21:54 - INFO - [<<] RESPONSE: Status 200
2026-01-27 17:21:54 - INFO - [>>] REQUEST: GET download.windowsupdate.com/d/msdownload/update/others/2026/01/44638497_585b0b17af55ec364b10ff1f59a922626d664e96.cab
2026-01-27 17:21:54 - INFO - [<<] RESPONSE: Status 200
2026-01-27 17:21:54 - INFO - [>>] REQUEST: GET download.windowsupdate.com/d/msdownload/update/others/2026/01/44638496_9124b568fadd0969c0b04467131146984fb8f79c.cab
2026-01-27 17:21:54 - INFO - [<<] RESPONSE: Status 200
2026-01-27 17:21:54 - INFO - [>>] REQUEST: GET download.windowsupdate.com/d/msdownload/update/others/2026/01/44638495_ee7968ad44ac1c03824e8b80ff157af9fd000d58.cab
2026-01-27 17:21:54 - INFO - [<<] RESPONSE: Status 200
2026-01-27 17:21:54 - INFO - [>>] REQUEST: GET download.windowsupdate.com/d/msdownload/update/others/2026/01/44638494_f38d0a5628e7cba76eaa333e32295fdbafee5f6c.cab
2026-01-27 17:21:55 - INFO - [<<] RESPONSE: Status 200
2026-01-27 17:21:55 - INFO - [>>] REQUEST: GET download.windowsupdate.com/d/msdownload/update/others/2026/01/44638493_b42da222acf8b154a751cf0f01b244121dd0128e.cab
2026-01-27 17:21:55 - INFO - [<<] RESPONSE: Status 200
2026-01-27 17:21:55 - INFO - [>>] REQUEST: GET download.windowsupdate.com/d/msdownload/update/others/2026/01/44638492_71a3ceb35832c5dceb0d69c539e3bb79c10d7774.cab
2026-01-27 17:21:55 - INFO - [<<] RESPONSE: Status 200
2026-01-27 17:21:55 - INFO - [>>] REQUEST: GET download.windowsupdate.com/d/msdownload/update/others/2026/01/44638491_17365b3fe1381fa24d9748ff6746c9312f237614.cab
2026-01-27 17:21:55 - INFO - [<<] RESPONSE: Status 200
2026-01-27 17:21:55 - INFO - [>>] REQUEST: GET download.windowsupdate.com/d/msdownload/update/others/2026/01/44638490_e286bfabb3d897b5bdb7f4fc9fc882106c45e396.cab
2026-01-27 17:21:55 - INFO - [<<] RESPONSE: Status 200
2026-01-27 17:21:55 - INFO - [>>] REQUEST: GET download.windowsupdate.com/d/msdownload/update/others/2026/01/44638489_f0f0170f166d35465a18172fa5d3b4a711bb8541.cab
2026-01-27 17:21:55 - INFO - [<<] RESPONSE: Status 200
2026-01-27 17:21:55 - INFO - [>>] REQUEST: GET download.windowsupdate.com/d/msdownload/update/others/2026/01/44638454_10087efcb1c32bcf4d9a9436c0c1caf18f28bf23.cab
2026-01-27 17:21:55 - INFO - [<<] RESPONSE: Status 200
2026-01-27 17:21:55 - INFO - [>>] REQUEST: GET download.windowsupdate.com/d/msdownload/update/others/2026/01/44638453_51223eadfe2288a46838466ea3ffa4aae7cb1eea.cab
2026-01-27 17:21:55 - INFO - [<<] RESPONSE: Status 200
2026-01-27 17:21:56 - INFO - [>>] REQUEST: GET download.windowsupdate.com/c/msdownload/update/others/2026/01/44639641_6b5700a892576f527804dd898ed9d80b643bc4be.cab
2026-01-27 17:21:56 - INFO - [<<] RESPONSE: Status 200
2026-01-27 17:21:56 - INFO - [>>] REQUEST: GET download.windowsupdate.com/c/msdownload/update/others/2026/01/44639640_5337928aa0b8310ba98081029aa5ed00f5c8c070.cab
2026-01-27 17:21:56 - INFO - [<<] RESPONSE: Status 200
2026-01-27 17:21:56 - INFO - [>>] REQUEST: GET download.windowsupdate.com/c/msdownload/update/others/2026/01/44639639_489395c1de96a2af0343af6ef93c731a7e3e7f2b.cab
2026-01-27 17:21:56 - INFO - [<<] RESPONSE: Status 200
2026-01-27 17:21:56 - INFO - [>>] REQUEST: GET download.windowsupdate.com/c/msdownload/update/others/2026/01/44639638_d1428048ff50718c573ead8387bf7ac522ff647a.cab
2026-01-27 17:21:56 - INFO - [<<] RESPONSE: Status 200
2026-01-27 17:21:56 - INFO - [>>] REQUEST: GET download.windowsupdate.com/c/msdownload/update/others/2026/01/44639621_f8f13421af5e92f0eca7f1a7fe34c3b40e3130fa.cab
2026-01-27 17:21:56 - INFO - [<<] RESPONSE: Status 200
2026-01-27 17:21:56 - INFO - [>>] REQUEST: GET download.windowsupdate.com/c/msdownload/update/others/2026/01/44639620_e80e4633236b5fcb6d80a87642e4145ace8d1a1e.cab
2026-01-27 17:21:57 - INFO - [<<] RESPONSE: Status 200
2026-01-27 17:21:57 - INFO - [>>] REQUEST: GET download.windowsupdate.com/c/msdownload/update/others/2026/01/44639619_23da1a6d836e1ebaebfaeea86c101ebd8bd3d565.cab
2026-01-27 17:21:57 - INFO - [<<] RESPONSE: Status 200
2026-01-27 17:21:57 - INFO - [>>] REQUEST: GET download.windowsupdate.com/c/msdownload/update/others/2026/01/44639618_d4de6d8ae2e2e727bbec6c3fba1b282e0cf353de.cab
2026-01-27 17:21:57 - INFO - [<<] RESPONSE: Status 200
2026-01-27 17:21:57 - INFO - [>>] REQUEST: GET download.windowsupdate.com/c/msdownload/update/others/2026/01/44639617_9ac28a61b5a7602eacb64629526d2011b6abb395.cab
2026-01-27 17:21:57 - INFO - [<<] RESPONSE: Status 200
2026-01-27 17:21:57 - INFO - [>>] REQUEST: GET download.windowsupdate.com/c/msdownload/update/others/2026/01/44639616_e035ad70fad80ca4baaced553c284c550d627bf6.cab
2026-01-27 17:21:57 - INFO - [<<] RESPONSE: Status 200
2026-01-27 17:21:57 - INFO - [>>] REQUEST: GET download.windowsupdate.com/c/msdownload/update/others/2026/01/44639615_62987a5f5f0cd200dc550699fc04046969e23f9e.cab
2026-01-27 17:21:57 - INFO - [<<] RESPONSE: Status 200
2026-01-27 17:21:57 - INFO - [>>] REQUEST: GET download.windowsupdate.com/c/msdownload/update/others/2026/01/44639614_5a30c07c66c1849f9e3e8aec2e2979008afbcd64.cab
2026-01-27 17:21:57 - INFO - [<<] RESPONSE: Status 200
2026-01-27 17:21:57 - INFO - [>>] REQUEST: GET download.windowsupdate.com/c/msdownload/update/others/2026/01/44639613_99d141a555aa9d4c4a7b2a7aaa8fd60244b380e7.cab
2026-01-27 17:21:57 - INFO - [<<] RESPONSE: Status 200
2026-01-27 17:21:57 - INFO - [>>] REQUEST: GET download.windowsupdate.com/c/msdownload/update/others/2026/01/44639612_69815e5684a8a9182789615261b460a9a835dee7.cab
2026-01-27 17:21:57 - INFO - [<<] RESPONSE: Status 200
2026-01-27 17:21:57 - INFO - [>>] REQUEST: GET download.windowsupdate.com/c/msdownload/update/others/2026/01/44639611_72b6ea445c9270a349e0ee00a4a8595af0120767.cab
2026-01-27 17:21:57 - INFO - [<<] RESPONSE: Status 200
2026-01-27 17:21:57 - INFO - [>>] REQUEST: GET download.windowsupdate.com/c/msdownload/update/others/2026/01/44639610_478f3da3742bdff92839a9a613ff1da71b7a36d5.cab
2026-01-27 17:21:58 - INFO - [<<] RESPONSE: Status 200
2026-01-27 17:21:58 - INFO - [>>] REQUEST: GET download.windowsupdate.com/c/msdownload/update/others/2026/01/44639609_f29813b0661ac3ae15fd00d03ccc71b1a30626b1.cab
2026-01-27 17:21:58 - INFO - [<<] RESPONSE: Status 200
2026-01-27 17:21:58 - INFO - [>>] REQUEST: GET download.windowsupdate.com/c/msdownload/update/others/2026/01/44639608_eb8b8282b4662cf33815fe3d5b2dcb0d85cb3f12.cab
2026-01-27 17:21:58 - INFO - [<<] RESPONSE: Status 200
2026-01-27 17:21:58 - INFO - [>>] REQUEST: GET download.windowsupdate.com/c/msdownload/update/others/2026/01/44639607_780c2be0cb22fd1435b21ddf9323d54cd2620793.cab
2026-01-27 17:21:58 - INFO - [<<] RESPONSE: Status 200
2026-01-27 17:21:58 - INFO - [>>] REQUEST: GET download.windowsupdate.com/c/msdownload/update/others/2026/01/44639606_4bdca118643e2b6d4f528725b4ea562f3b4add12.cab
2026-01-27 17:21:58 - INFO - [<<] RESPONSE: Status 200
2026-01-27 17:21:58 - INFO - [>>] REQUEST: GET download.windowsupdate.com/c/msdownload/update/others/2026/01/44639603_4818dbf2233b715b390ff5e2c74b6f3cd325bafe.cab
2026-01-27 17:21:58 - INFO - [<<] RESPONSE: Status 200
2026-01-27 17:21:58 - INFO - [>>] REQUEST: GET download.windowsupdate.com/c/msdownload/update/others/2026/01/44639602_6f55cd9c5c8b180cdde52bfcbb8112981f980ac7.cab
2026-01-27 17:21:58 - INFO - [<<] RESPONSE: Status 200
2026-01-27 17:21:58 - INFO - [>>] REQUEST: GET download.windowsupdate.com/c/msdownload/update/others/2026/01/44639500_500e4dad7bb793401f224be2ae4e8ec8f113f724.cab
2026-01-27 17:21:58 - INFO - [<<] RESPONSE: Status 200
2026-01-27 17:21:58 - INFO - [>>] REQUEST: GET download.windowsupdate.com/c/msdownload/update/others/2026/01/44639499_590a6e5902579db11b579be08d802f8932625d2f.cab
2026-01-27 17:21:58 - INFO - [<<] RESPONSE: Status 200
2026-01-27 17:21:58 - INFO - [>>] REQUEST: GET download.windowsupdate.com/c/msdownload/update/others/2026/01/44639102_518c4d1a33dd79a3c9c87046990f0491331b34f7.cab
2026-01-27 17:21:59 - INFO - [<<] RESPONSE: Status 200
2026-01-27 17:21:59 - INFO - [>>] REQUEST: GET download.windowsupdate.com/c/msdownload/update/others/2026/01/44639101_05bbd151ae6c790ac0317c95fe39798583c7d2d8.cab
2026-01-27 17:21:59 - INFO - [<<] RESPONSE: Status 200
2026-01-27 17:21:59 - INFO - [>>] REQUEST: GET download.windowsupdate.com/c/msdownload/update/others/2026/01/44639100_332c269277722f21b4766ebcfc1ee21bf0f0ce11.cab
2026-01-27 17:21:59 - INFO - [<<] RESPONSE: Status 200
2026-01-27 17:21:59 - INFO - [>>] REQUEST: GET download.windowsupdate.com/c/msdownload/update/others/2026/01/44639099_e4cdede0bfd78abf83fb0c1baa09c68cfe8dc4d8.cab
2026-01-27 17:21:59 - INFO - [<<] RESPONSE: Status 200
2026-01-27 17:21:59 - INFO - [>>] REQUEST: GET download.windowsupdate.com/c/msdownload/update/others/2026/01/44639098_f8d94b20465f8ef3b644920edd2b3f171c7877f8.cab
2026-01-27 17:21:59 - INFO - [<<] RESPONSE: Status 200
2026-01-27 17:21:59 - INFO - [>>] REQUEST: GET download.windowsupdate.com/c/msdownload/update/others/2026/01/44639097_a2ca50882e978309ded7cf85b6c5bd2ff9e40095.cab
2026-01-27 17:21:59 - INFO - [<<] RESPONSE: Status 200
2026-01-27 17:21:59 - INFO - [>>] REQUEST: GET download.windowsupdate.com/c/msdownload/update/others/2026/01/44639096_5611fabb18c91b4c209a2863467d2b36aae8aced.cab
2026-01-27 17:21:59 - INFO - [<<] RESPONSE: Status 200
2026-01-27 17:21:59 - INFO - [>>] REQUEST: GET download.windowsupdate.com/c/msdownload/update/others/2026/01/44639095_42a2746b51c4230360394911b66bb89af4967526.cab
2026-01-27 17:21:59 - INFO - [<<] RESPONSE: Status 200
2026-01-27 17:21:59 - INFO - [>>] REQUEST: GET download.windowsupdate.com/c/msdownload/update/others/2026/01/44639094_356bd8bf2d74968a3228086996bad5ac6c16b336.cab
2026-01-27 17:21:59 - INFO - [<<] RESPONSE: Status 200
2026-01-27 17:21:59 - INFO - [>>] REQUEST: GET download.windowsupdate.com/c/msdownload/update/others/2026/01/44639093_5fce19c13e21c91e6b77fef2f5a7a4210d4201e4.cab
2026-01-27 17:21:59 - INFO - [<<] RESPONSE: Status 200
2026-01-27 17:21:59 - INFO - [>>] REQUEST: GET download.windowsupdate.com/c/msdownload/update/others/2026/01/44639092_fd69df5803b740e7606b3fb2a8d55b3e7211eb37.cab
2026-01-27 17:22:00 - INFO - [<<] RESPONSE: Status 200
2026-01-27 17:22:00 - INFO - [>>] REQUEST: GET download.windowsupdate.com/c/msdownload/update/others/2026/01/44639091_9729bbf9c8014baa34996edfc83f56f8f96e92dd.cab
2026-01-27 17:22:00 - INFO - [<<] RESPONSE: Status 200
2026-01-27 17:22:00 - INFO - [>>] REQUEST: GET download.windowsupdate.com/c/msdownload/update/others/2026/01/44639090_e03e9cea3b942c5f8b521f02d272670191fc75ea.cab
2026-01-27 17:22:00 - INFO - [<<] RESPONSE: Status 200
2026-01-27 17:22:00 - INFO - [>>] REQUEST: GET download.windowsupdate.com/c/msdownload/update/others/2026/01/44639089_c589d0cc5e45e690811ae7eea5f56112821b0d83.cab
2026-01-27 17:22:00 - INFO - [<<] RESPONSE: Status 200
2026-01-27 17:22:00 - INFO - [>>] REQUEST: GET download.windowsupdate.com/c/msdownload/update/others/2026/01/44639088_a26155e2ae327dfdb93bb2c1e7e28e2279e5f1af.cab
2026-01-27 17:22:00 - INFO - [<<] RESPONSE: Status 200
2026-01-27 17:22:00 - INFO - [>>] REQUEST: GET download.windowsupdate.com/c/msdownload/update/others/2026/01/44639087_c1f40895a7daf2579cc778f7caa3f73a56199e71.cab
2026-01-27 17:22:00 - INFO - [<<] RESPONSE: Status 200
2026-01-27 17:22:00 - INFO - [>>] REQUEST: GET download.windowsupdate.com/c/msdownload/update/others/2026/01/44639086_78bca9fd190d9ee4f7f29a3d0121d4a2a6ea3c08.cab
2026-01-27 17:22:00 - INFO - [<<] RESPONSE: Status 200
2026-01-27 17:22:00 - INFO - [>>] REQUEST: GET download.windowsupdate.com/c/msdownload/update/others/2026/01/44639085_3a58fd1a2e3394cbbababf7e76945b9321b17ff9.cab
2026-01-27 17:22:00 - INFO - [<<] RESPONSE: Status 200
2026-01-27 17:22:00 - INFO - [>>] REQUEST: GET download.windowsupdate.com/c/msdownload/update/others/2026/01/44639084_9c98a924e56616af522ff444e55042594e448ff4.cab
2026-01-27 17:22:00 - INFO - [<<] RESPONSE: Status 200
2026-01-27 17:22:00 - INFO - [>>] REQUEST: GET download.windowsupdate.com/c/msdownload/update/others/2026/01/44639083_4d44d5702c9c143c7fcdda79b8d5a6fcd025ccbe.cab
2026-01-27 17:22:00 - INFO - [<<] RESPONSE: Status 200
2026-01-27 17:22:01 - INFO - [>>] REQUEST: GET download.windowsupdate.com/c/msdownload/update/others/2026/01/44639082_0709b4cf5f4c0fa1a8eb9d58d494344398e2fe73.cab
2026-01-27 17:22:01 - INFO - [<<] RESPONSE: Status 200
2026-01-27 17:22:01 - INFO - [>>] REQUEST: GET download.windowsupdate.com/c/msdownload/update/others/2026/01/44639081_b17aec6019f1172e400572bebea184746a668a19.cab
2026-01-27 17:22:01 - INFO - [<<] RESPONSE: Status 200
2026-01-27 17:22:01 - INFO - [>>] REQUEST: GET download.windowsupdate.com/c/msdownload/update/others/2026/01/44639080_95fb20bfc7d8287d0041f1f8be2c1436fa02bfa5.cab
2026-01-27 17:22:01 - INFO - [<<] RESPONSE: Status 200
2026-01-27 17:22:01 - INFO - [>>] REQUEST: GET download.windowsupdate.com/c/msdownload/update/others/2026/01/44639079_3169dc09844c370a81496f3ec680d782ecc87efa.cab
2026-01-27 17:22:01 - INFO - [<<] RESPONSE: Status 200
2026-01-27 17:22:01 - INFO - [>>] REQUEST: GET download.windowsupdate.com/c/msdownload/update/others/2026/01/44639078_7cfa38a3d9beaa15499061960072a5914ad2e844.cab
2026-01-27 17:22:01 - INFO - [<<] RESPONSE: Status 200
2026-01-27 17:22:01 - INFO - [>>] REQUEST: GET download.windowsupdate.com/c/msdownload/update/others/2026/01/44639077_bfd1c81a6a98cad5b2a071c4d9868a8a600c5d49.cab
2026-01-27 17:22:01 - INFO - [<<] RESPONSE: Status 200
2026-01-27 17:22:01 - INFO - [>>] REQUEST: GET download.windowsupdate.com/c/msdownload/update/others/2026/01/44639076_f1aed485b3cc9ebd9b622316fcb62d95dadbcb94.cab
2026-01-27 17:22:01 - INFO - [<<] RESPONSE: Status 200
2026-01-27 17:22:01 - INFO - [>>] REQUEST: GET download.windowsupdate.com/c/msdownload/update/others/2026/01/44639075_65654aa7d7e11234b9e67ee49a2101a47fc32b07.cab
2026-01-27 17:22:01 - INFO - [<<] RESPONSE: Status 200
2026-01-27 17:22:01 - INFO - [>>] REQUEST: GET download.windowsupdate.com/c/msdownload/update/others/2026/01/44639074_777fdbfd954b41bf7baae673f0e3ee421cb7aec0.cab
2026-01-27 17:22:01 - INFO - [<<] RESPONSE: Status 200
2026-01-27 17:22:01 - INFO - [>>] REQUEST: GET download.windowsupdate.com/c/msdownload/update/others/2026/01/44639073_bb85e6ecc8731a31b0faa5fd23dddfa6faaa4f0e.cab
2026-01-27 17:22:02 - INFO - [<<] RESPONSE: Status 200
2026-01-27 17:22:02 - INFO - [>>] REQUEST: GET download.windowsupdate.com/c/msdownload/update/others/2026/01/44639072_d122665b6f8bfe144365212a03c0de63f6f7f47d.cab
2026-01-27 17:22:02 - INFO - [<<] RESPONSE: Status 200
2026-01-27 17:22:02 - INFO - [>>] REQUEST: GET download.windowsupdate.com/c/msdownload/update/others/2026/01/44639071_8879a7a2e952fb65967bedae4ec385b8e4ed064e.cab
2026-01-27 17:22:02 - INFO - [<<] RESPONSE: Status 200
2026-01-27 17:22:02 - INFO - [>>] REQUEST: GET download.windowsupdate.com/c/msdownload/update/others/2026/01/44639036_6db65722ce4b0c3c610d4f1daf917ac0f586e5d9.cab
2026-01-27 17:22:02 - INFO - [<<] RESPONSE: Status 200
2026-01-27 17:22:02 - INFO - [>>] REQUEST: GET download.windowsupdate.com/c/msdownload/update/others/2026/01/44639035_b865a793c7e6bb9aba3577fa5bfa6570d9f04411.cab
2026-01-27 17:22:02 - INFO - [<<] RESPONSE: Status 200
2026-01-27 17:22:03 - INFO - [>>] REQUEST: GET download.windowsupdate.com/d/msdownload/update/others/2026/01/44640306_59096d83ebcf2c5c251d24099e78e4425c156b21.cab
2026-01-27 17:22:03 - INFO - [<<] RESPONSE: Status 200
2026-01-27 17:22:03 - INFO - [>>] REQUEST: GET download.windowsupdate.com/d/msdownload/update/others/2026/01/44640305_ba4317c992c7438e9496f5beff1f395f0736aa59.cab
2026-01-27 17:22:03 - INFO - [<<] RESPONSE: Status 200
2026-01-27 17:22:03 - INFO - [>>] REQUEST: GET download.windowsupdate.com/d/msdownload/update/others/2026/01/44640304_65b76f649f45e8edea84bc9019cbdaa2898dc2a4.cab
2026-01-27 17:22:03 - INFO - [<<] RESPONSE: Status 200
2026-01-27 17:22:03 - INFO - [>>] REQUEST: GET download.windowsupdate.com/d/msdownload/update/others/2026/01/44640303_9f14a27f6bf83472fa439445d4de7c62128fec66.cab
2026-01-27 17:22:03 - INFO - [<<] RESPONSE: Status 200
2026-01-27 17:22:03 - INFO - [>>] REQUEST: GET download.windowsupdate.com/d/msdownload/update/others/2026/01/44640302_169b40d1acbd4c88d10b14caa995005267f1f4d9.cab
2026-01-27 17:22:03 - INFO - [<<] RESPONSE: Status 200
2026-01-27 17:22:03 - INFO - [>>] REQUEST: GET download.windowsupdate.com/d/msdownload/update/others/2026/01/44640301_62125f15a6580fd4174f1223f71299dbb0d60bf2.cab
2026-01-27 17:22:03 - INFO - [<<] RESPONSE: Status 200
2026-01-27 17:22:03 - INFO - [>>] REQUEST: GET download.windowsupdate.com/d/msdownload/update/others/2026/01/44640300_eaf460288c6fa28963a3feeadfea08972f581434.cab
2026-01-27 17:22:03 - INFO - [<<] RESPONSE: Status 200
2026-01-27 17:22:03 - INFO - [>>] REQUEST: GET download.windowsupdate.com/d/msdownload/update/others/2026/01/44640299_5cc06fc068430036369aed8b03553c33e7a5fbba.cab
2026-01-27 17:22:03 - INFO - [<<] RESPONSE: Status 200
2026-01-27 17:22:03 - INFO - [>>] REQUEST: GET download.windowsupdate.com/d/msdownload/update/others/2026/01/44640298_42cf2b8f8c2eec164b0a2b57d61a6ca348c363ac.cab
2026-01-27 17:22:03 - INFO - [<<] RESPONSE: Status 200
2026-01-27 17:22:03 - INFO - [>>] REQUEST: GET download.windowsupdate.com/d/msdownload/update/others/2026/01/44640297_0f19ecac092bf8f0c0c1b15480ed13384f876525.cab
2026-01-27 17:22:04 - INFO - [<<] RESPONSE: Status 200
2026-01-27 17:22:04 - INFO - [>>] REQUEST: GET download.windowsupdate.com/d/msdownload/update/others/2026/01/44640296_735abd41ce9f8ada0e360d856a658b951d72b886.cab
2026-01-27 17:22:04 - INFO - [<<] RESPONSE: Status 200
2026-01-27 17:22:04 - INFO - [>>] REQUEST: GET download.windowsupdate.com/d/msdownload/update/others/2026/01/44640295_571a128253c3127c2d7f8e5edcb797e3d1897cce.cab
2026-01-27 17:22:04 - INFO - [<<] RESPONSE: Status 200
2026-01-27 17:22:04 - INFO - [>>] REQUEST: GET download.windowsupdate.com/d/msdownload/update/others/2026/01/44640294_49402cbdc4d70d69ddf6c848e18417c53617fcd1.cab
2026-01-27 17:22:04 - INFO - [<<] RESPONSE: Status 200
2026-01-27 17:22:04 - INFO - [>>] REQUEST: GET download.windowsupdate.com/d/msdownload/update/others/2026/01/44640293_79bd4ae085d15446de210c739d44198857755c78.cab
2026-01-27 17:22:04 - INFO - [<<] RESPONSE: Status 200
2026-01-27 17:22:04 - INFO - [>>] REQUEST: GET download.windowsupdate.com/d/msdownload/update/others/2026/01/44640292_268245efbd89607c27e053ffd7dfeeef363948b3.cab
2026-01-27 17:22:04 - INFO - [<<] RESPONSE: Status 200
2026-01-27 17:22:04 - INFO - [>>] REQUEST: GET download.windowsupdate.com/d/msdownload/update/others/2026/01/44640291_248ff51e588bacdcf7c2866c3773a1c05bb64b40.cab
2026-01-27 17:22:04 - INFO - [<<] RESPONSE: Status 200
2026-01-27 17:22:04 - INFO - [>>] REQUEST: GET download.windowsupdate.com/d/msdownload/update/others/2026/01/44640258_e8e54577433971e1e87284f93212381aebd13103.cab
2026-01-27 17:22:04 - INFO - [<<] RESPONSE: Status 200
2026-01-27 17:22:04 - INFO - [>>] REQUEST: GET download.windowsupdate.com/d/msdownload/update/others/2026/01/44640257_54b89de9d09655960ad6c90962c45f42cfb31701.cab
2026-01-27 17:22:04 - INFO - [<<] RESPONSE: Status 200
2026-01-27 17:22:04 - INFO - [>>] REQUEST: GET download.windowsupdate.com/d/msdownload/update/others/2026/01/44640256_049f67f6663b13eab313ffa19374fba7369f7f99.cab
2026-01-27 17:22:05 - INFO - [<<] RESPONSE: Status 200
2026-01-27 17:22:05 - INFO - [>>] REQUEST: GET download.windowsupdate.com/d/msdownload/update/others/2026/01/44640255_04863b81c772fe10e9e8c0690eb8cfee4f485174.cab
2026-01-27 17:22:05 - INFO - [<<] RESPONSE: Status 200
2026-01-27 17:22:05 - INFO - [>>] REQUEST: GET download.windowsupdate.com/d/msdownload/update/others/2026/01/44640254_14f911f8678e9ea6fbd97723fb07789c736319a6.cab
2026-01-27 17:22:05 - INFO - [<<] RESPONSE: Status 200
2026-01-27 17:22:05 - INFO - [>>] REQUEST: GET download.windowsupdate.com/d/msdownload/update/others/2026/01/44640253_4d178918c543054a4d8b87fa243dd9cd53c3acf7.cab
2026-01-27 17:22:05 - INFO - [<<] RESPONSE: Status 200
2026-01-27 17:22:05 - INFO - [>>] REQUEST: GET download.windowsupdate.com/d/msdownload/update/others/2026/01/44640252_1ac9fdd0b9416534093f4f17b96e0e35729d914f.cab
2026-01-27 17:22:05 - INFO - [<<] RESPONSE: Status 200
2026-01-27 17:22:05 - INFO - [>>] REQUEST: GET download.windowsupdate.com/d/msdownload/update/others/2026/01/44640251_206246aedba26edea49a0e96c5e8a2230d522b8e.cab
2026-01-27 17:22:05 - INFO - [<<] RESPONSE: Status 200
2026-01-27 17:22:05 - INFO - [>>] REQUEST: GET download.windowsupdate.com/d/msdownload/update/others/2026/01/44640250_55f1f77c1b55cd33eb223e056d571d99b1b1dd2c.cab
2026-01-27 17:22:05 - INFO - [<<] RESPONSE: Status 200
2026-01-27 17:22:05 - INFO - [>>] REQUEST: GET download.windowsupdate.com/d/msdownload/update/others/2026/01/44640249_3ab82ba416ceb34a317d74d3a868a2c333f52361.cab
2026-01-27 17:22:05 - INFO - [<<] RESPONSE: Status 200
2026-01-27 17:22:05 - INFO - [>>] REQUEST: GET download.windowsupdate.com/d/msdownload/update/others/2026/01/44640248_01e7e325c1a0e3bdcc1a920d7b0bcc16b719be6d.cab
2026-01-27 17:22:05 - INFO - [<<] RESPONSE: Status 200
2026-01-27 17:22:05 - INFO - [>>] REQUEST: GET download.windowsupdate.com/d/msdownload/update/others/2026/01/44640247_25c3e1a4c42612ddcdc0799c37851a50af8b28d6.cab
2026-01-27 17:22:05 - INFO - [<<] RESPONSE: Status 200
2026-01-27 17:22:05 - INFO - [>>] REQUEST: GET download.windowsupdate.com/d/msdownload/update/others/2026/01/44640246_f5896b8d3698c38b3ba291f105f734c345a44027.cab
2026-01-27 17:22:06 - INFO - [<<] RESPONSE: Status 200
2026-01-27 17:22:06 - INFO - [>>] REQUEST: GET download.windowsupdate.com/d/msdownload/update/others/2026/01/44640245_3bf49744a75d62899779437957f94c3c3787541c.cab
2026-01-27 17:22:06 - INFO - [<<] RESPONSE: Status 200
2026-01-27 17:22:06 - INFO - [>>] REQUEST: GET download.windowsupdate.com/d/msdownload/update/others/2026/01/44640244_0b76446e33e1f71142c64c33e1b18e442a3f4432.cab
2026-01-27 17:22:06 - INFO - [<<] RESPONSE: Status 200
2026-01-27 17:22:06 - INFO - [>>] REQUEST: GET download.windowsupdate.com/d/msdownload/update/others/2026/01/44640243_5303f28e02fc25de6e1039842f15b80b2d749f30.cab
2026-01-27 17:22:06 - INFO - [<<] RESPONSE: Status 200
2026-01-27 17:22:06 - INFO - [>>] REQUEST: GET download.windowsupdate.com/d/msdownload/update/others/2026/01/44640224_924abec87a4727de39d79184d64a5cf4d15dd496.cab
2026-01-27 17:22:06 - INFO - [<<] RESPONSE: Status 200
2026-01-27 17:22:06 - INFO - [>>] REQUEST: GET download.windowsupdate.com/d/msdownload/update/others/2026/01/44640223_c16fed5cde9557640bc0bdf9d8bd095166a88254.cab
2026-01-27 17:22:06 - INFO - [<<] RESPONSE: Status 200
2026-01-27 17:22:06 - INFO - [>>] REQUEST: GET download.windowsupdate.com/d/msdownload/update/others/2026/01/44640065_d72fbcd77db4a931cadf7e7d0148335d402b5edb.cab
2026-01-27 17:22:06 - INFO - [<<] RESPONSE: Status 200
2026-01-27 17:22:06 - INFO - [>>] REQUEST: GET download.windowsupdate.com/d/msdownload/update/others/2026/01/44640064_ffda6a3b75300d6e7f85bd73a019865280faa086.cab
2026-01-27 17:22:06 - INFO - [<<] RESPONSE: Status 200
2026-01-27 17:22:06 - INFO - [>>] REQUEST: GET download.windowsupdate.com/c/msdownload/update/others/2026/01/44639653_b76eadd4d840dd27f916ca2fd1e920c080c95654.cab
2026-01-27 17:22:06 - INFO - [<<] RESPONSE: Status 200
2026-01-27 17:22:06 - INFO - [>>] REQUEST: GET download.windowsupdate.com/c/msdownload/update/others/2026/01/44639652_8b92fc01df4162acc02ea9714c7496b907c91911.cab
2026-01-27 17:22:07 - INFO - [<<] RESPONSE: Status 200
2026-01-27 17:22:07 - INFO - [>>] REQUEST: GET download.windowsupdate.com/c/msdownload/update/others/2026/01/44639651_493a7ed2964df426a1fcc6a02aeeddc8cd434dad.cab
2026-01-27 17:22:07 - INFO - [<<] RESPONSE: Status 200
2026-01-27 17:22:07 - INFO - [>>] REQUEST: GET download.windowsupdate.com/c/msdownload/update/others/2026/01/44639650_84b891eebd37f8cb6872f2c5298389c88d6abf8f.cab
2026-01-27 17:22:07 - INFO - [<<] RESPONSE: Status 200
2026-01-27 17:22:07 - INFO - [>>] REQUEST: GET download.windowsupdate.com/c/msdownload/update/others/2026/01/44639649_6869d089928e0d856e61ed663025baebf4b4234b.cab
2026-01-27 17:22:07 - INFO - [<<] RESPONSE: Status 200
2026-01-27 17:22:07 - INFO - [>>] REQUEST: GET download.windowsupdate.com/c/msdownload/update/others/2026/01/44639648_b6470fccf5fe15f9243388960a81c1ff6d2c3151.cab
2026-01-27 17:22:07 - INFO - [<<] RESPONSE: Status 200
2026-01-27 17:22:07 - INFO - [>>] REQUEST: GET download.windowsupdate.com/c/msdownload/update/others/2026/01/44639647_2122cab9590c2f7db6f5dab68f676dfc12aaa42d.cab
2026-01-27 17:22:07 - INFO - [<<] RESPONSE: Status 200
2026-01-27 17:22:07 - INFO - [>>] REQUEST: GET download.windowsupdate.com/c/msdownload/update/others/2026/01/44639646_fa2685a921632132e716456760dc2fdf33b9b8d4.cab
2026-01-27 17:22:07 - INFO - [<<] RESPONSE: Status 200
2026-01-27 17:22:07 - INFO - [>>] REQUEST: GET download.windowsupdate.com/c/msdownload/update/others/2026/01/44639645_12fcfdd3ccc90db21e9a19086f2c949e244ee0df.cab
2026-01-27 17:22:07 - INFO - [<<] RESPONSE: Status 200
2026-01-27 17:22:07 - INFO - [>>] REQUEST: GET download.windowsupdate.com/c/msdownload/update/others/2026/01/44639644_cc02ee47e8987f92d27e44468e5b2a3a1bd812e1.cab
2026-01-27 17:22:07 - INFO - [<<] RESPONSE: Status 200
2026-01-27 17:22:07 - INFO - [>>] REQUEST: GET download.windowsupdate.com/c/msdownload/update/others/2026/01/44639643_165a44b2611867ece8df3737798b0ee794b3da7a.cab
2026-01-27 17:22:07 - INFO - [<<] RESPONSE: Status 200
2026-01-27 17:22:07 - INFO - [>>] REQUEST: GET download.windowsupdate.com/c/msdownload/update/others/2026/01/44639642_3c13ee42146fda7ae0aa8041dfa60fed9d7abd4d.cab
2026-01-27 17:22:08 - INFO - [<<] RESPONSE: Status 200
2026-01-27 17:22:10 - INFO - [>>] REQUEST: GET au.download.windowsupdate.com/d/msdownload/update/software/defu/2026/01/am_delta_patch_1.443.846.0_d49b631de050691634f1f80811c96148593e6306.exe
2026-01-27 17:22:10 - INFO - [<<] RESPONSE: Status 206
2026-01-27 17:22:50 - INFO - [>>] REQUEST: GET google-gruyere.appspot.com/530967730722774588762280978623274731247/snippets.gtl?uid=brie
2026-01-27 17:22:50 - INFO - [<<] RESPONSE: Status 200
2026-01-27 17:22:59 - INFO - [>>] REQUEST: GET www.msftncsi.com/connecttest.txt
2026-01-27 17:22:59 - INFO - [>>] REQUEST: GET www.msftncsi.com/connecttest.txt
2026-01-27 17:22:59 - INFO - [>>] REQUEST: GET www.msftncsi.com/connecttest.txt
2026-01-27 17:22:59 - INFO - [<<] RESPONSE: Status 200
2026-01-27 17:22:59 - INFO - [<<] RESPONSE: Status 200
2026-01-27 17:22:59 - INFO - [<<] RESPONSE: Status 200
2026-01-27 17:23:34 - INFO - [>>] REQUEST: GET www.msftncsi.com/connecttest.txt
2026-01-27 17:23:34 - INFO - [>>] REQUEST: GET www.msftncsi.com/connecttest.txt
2026-01-27 17:23:34 - INFO - [>>] REQUEST: GET www.msftncsi.com/connecttest.txt
2026-01-27 17:23:34 - INFO - [<<] RESPONSE: Status 200
2026-01-27 17:23:34 - INFO - [<<] RESPONSE: Status 200
2026-01-27 17:23:34 - INFO - [<<] RESPONSE: Status 200
2026-01-27 17:26:09 - INFO - [>>] REQUEST: GET www.msftconnecttest.com/connecttest.txt
2026-01-27 17:26:09 - INFO - [<<] RESPONSE: Status 200
2026-01-27 17:26:37 - INFO - [>>] REQUEST: GET detectportal.firefox.com/success.txt?ipv4
2026-01-27 17:26:38 - INFO - [<<] RESPONSE: Status 200
2026-01-27 17:26:45 - INFO - [>>] REQUEST: GET www.msftconnecttest.com/connecttest.txt
2026-01-27 17:26:45 - INFO - [>>] REQUEST: GET www.msftconnecttest.com/connecttest.txt
2026-01-27 17:26:45 - INFO - [>>] REQUEST: GET www.msftconnecttest.com/connecttest.txt
2026-01-27 17:26:45 - INFO - [<<] RESPONSE: Status 200
2026-01-27 17:26:45 - INFO - [<<] RESPONSE: Status 200
2026-01-27 17:26:45 - INFO - [<<] RESPONSE: Status 200
2026-01-27 17:27:20 - INFO - [>>] REQUEST: GET www.msftconnecttest.com/connecttest.txt
2026-01-27 17:27:20 - INFO - [>>] REQUEST: GET www.msftconnecttest.com/connecttest.txt
2026-01-27 17:27:20 - INFO - [>>] REQUEST: GET www.msftconnecttest.com/connecttest.txt
2026-01-27 17:27:21 - INFO - [<<] RESPONSE: Status 200
2026-01-27 17:27:21 - INFO - [<<] RESPONSE: Status 200
2026-01-27 17:27:21 - INFO - [<<] RESPONSE: Status 200
2026-01-27 17:28:31 - INFO - [>>] REQUEST: GET www.msftncsi.com/connecttest.txt
2026-01-27 17:28:31 - INFO - [>>] REQUEST: GET www.msftncsi.com/connecttest.txt
2026-01-27 17:28:31 - INFO - [>>] REQUEST: GET www.msftncsi.com/connecttest.txt
2026-01-27 17:28:31 - INFO - [<<] RESPONSE: Status 200
2026-01-27 17:28:31 - INFO - [<<] RESPONSE: Status 200
2026-01-27 17:28:31 - INFO - [<<] RESPONSE: Status 200
2026-01-27 17:28:32 - INFO - [>>] REQUEST: GET www.msftconnecttest.com/connecttest.txt
2026-01-27 17:28:32 - INFO - [<<] RESPONSE: Status 200
2026-01-27 17:29:07 - INFO - [>>] REQUEST: GET www.msftconnecttest.com/connecttest.txt
2026-01-27 17:29:07 - INFO - [>>] REQUEST: GET www.msftconnecttest.com/connecttest.txt
2026-01-27 17:29:07 - INFO - [>>] REQUEST: GET www.msftconnecttest.com/connecttest.txt
2026-01-27 17:29:07 - INFO - [<<] RESPONSE: Status 200
2026-01-27 17:29:07 - INFO - [<<] RESPONSE: Status 200
2026-01-27 17:29:07 - INFO - [<<] RESPONSE: Status 200
2026-01-27 17:29:43 - INFO - [>>] REQUEST: GET www.msftconnecttest.com/connecttest.txt
2026-01-27 17:29:43 - INFO - [>>] REQUEST: GET www.msftconnecttest.com/connecttest.txt
2026-01-27 17:29:43 - INFO - [<<] RESPONSE: Status 200
2026-01-27 17:29:43 - INFO - [<<] RESPONSE: Status 200
2026-01-27 17:29:44 - INFO - [>>] REQUEST: GET www.msftconnecttest.com/connecttest.txt
2026-01-27 17:29:44 - INFO - [<<] RESPONSE: Status 200
2026-01-27 17:30:53 - INFO - [>>] REQUEST: GET www.msftncsi.com/connecttest.txt
2026-01-27 17:30:53 - INFO - [>>] REQUEST: GET www.msftncsi.com/connecttest.txt
2026-01-27 17:30:53 - INFO - [>>] REQUEST: GET www.msftncsi.com/connecttest.txt
2026-01-27 17:30:53 - INFO - [<<] RESPONSE: Status 200
2026-01-27 17:30:53 - INFO - [<<] RESPONSE: Status 200
2026-01-27 17:30:53 - INFO - [<<] RESPONSE: Status 200
2026-01-27 17:31:21 - INFO - [>>] REQUEST: GET www.msftconnecttest.com/connecttest.txt
2026-01-27 17:31:21 - INFO - [<<] RESPONSE: Status 200
2026-01-27 17:31:56 - INFO - [>>] REQUEST: GET www.msftconnecttest.com/connecttest.txt
2026-01-27 17:31:56 - INFO - [>>] REQUEST: GET www.msftconnecttest.com/connecttest.txt
2026-01-27 17:31:56 - INFO - [>>] REQUEST: GET www.msftconnecttest.com/connecttest.txt
2026-01-27 17:31:56 - INFO - [<<] RESPONSE: Status 200
2026-01-27 17:31:56 - INFO - [<<] RESPONSE: Status 200
2026-01-27 17:31:56 - INFO - [<<] RESPONSE: Status 200
2026-01-27 17:32:32 - INFO - [>>] REQUEST: GET www.msftconnecttest.com/connecttest.txt
2026-01-27 17:32:32 - INFO - [>>] REQUEST: GET www.msftconnecttest.com/connecttest.txt
2026-01-27 17:32:32 - INFO - [>>] REQUEST: GET www.msftconnecttest.com/connecttest.txt
2026-01-27 17:32:32 - INFO - [<<] RESPONSE: Status 200
2026-01-27 17:32:32 - INFO - [<<] RESPONSE: Status 200
2026-01-27 17:32:32 - INFO - [<<] RESPONSE: Status 200
2026-01-27 17:33:42 - INFO - [>>] REQUEST: GET www.msftncsi.com/connecttest.txt
2026-01-27 17:33:42 - INFO - [>>] REQUEST: GET www.msftncsi.com/connecttest.txt
2026-01-27 17:33:42 - INFO - [>>] REQUEST: GET www.msftncsi.com/connecttest.txt
2026-01-27 17:33:42 - INFO - [<<] RESPONSE: Status 200
2026-01-27 17:33:42 - INFO - [<<] RESPONSE: Status 200
2026-01-27 17:33:42 - INFO - [<<] RESPONSE: Status 200
2026-01-27 17:34:18 - INFO - [>>] REQUEST: GET www.msftncsi.com/connecttest.txt
2026-01-27 17:34:18 - INFO - [>>] REQUEST: GET www.msftncsi.com/connecttest.txt
2026-01-27 17:34:18 - INFO - [<<] RESPONSE: Status 200
2026-01-27 17:34:18 - INFO - [<<] RESPONSE: Status 200
2026-01-27 17:34:19 - INFO - [>>] REQUEST: GET www.msftncsi.com/connecttest.txt
2026-01-27 17:34:19 - INFO - [<<] RESPONSE: Status 200
2026-01-27 17:37:37 - INFO - [>>] REQUEST: GET google-gruyere.appspot.com/530967730722774588762280978623274731247/snippets.gtl?uid=brie
2026-01-27 17:37:38 - INFO - [<<] RESPONSE: Status 200
2026-01-27 17:41:34 - INFO - [>>] REQUEST: GET google-gruyere.appspot.com/530967730722774588762280978623274731247/%3Cscript%3Ealert('Alga%20Kazakhstan')%3C/script%3E
2026-01-27 17:41:34 - INFO - [<<] RESPONSE: Status 200
2026-01-27 17:41:34 - INFO - [>>] REQUEST: GET google-gruyere.appspot.com/530967730722774588762280978623274731247/%3Cscript%3Ealert('Alga%20Kazakhstan')%3C/cheese.png
2026-01-27 17:41:35 - INFO - [<<] RESPONSE: Status 200
2026-01-27 17:42:06 - INFO - [>>] REQUEST: GET www.msftconnecttest.com/connecttest.txt
2026-01-27 17:42:06 - INFO - [<<] RESPONSE: Status 200
2026-01-27 17:42:42 - INFO - [>>] REQUEST: GET www.msftconnecttest.com/connecttest.txt
2026-01-27 17:42:42 - INFO - [>>] REQUEST: GET www.msftconnecttest.com/connecttest.txt
2026-01-27 17:42:42 - INFO - [>>] REQUEST: GET www.msftconnecttest.com/connecttest.txt
2026-01-27 17:42:42 - INFO - [<<] RESPONSE: Status 200
2026-01-27 17:42:42 - INFO - [<<] RESPONSE: Status 200
2026-01-27 17:42:42 - INFO - [<<] RESPONSE: Status 200
2026-01-27 17:43:17 - INFO - [>>] REQUEST: GET www.msftconnecttest.com/connecttest.txt
2026-01-27 17:43:17 - INFO - [>>] REQUEST: GET www.msftconnecttest.com/connecttest.txt
2026-01-27 17:43:17 - INFO - [>>] REQUEST: GET www.msftconnecttest.com/connecttest.txt
2026-01-27 17:43:17 - INFO - [<<] RESPONSE: Status 200
2026-01-27 17:43:17 - INFO - [<<] RESPONSE: Status 200
2026-01-27 17:43:17 - INFO - [<<] RESPONSE: Status 200
2026-01-27 17:43:31 - INFO - [>>] REQUEST: GET www.msftconnecttest.com/connecttest.txt
2026-01-27 17:43:31 - INFO - [<<] RESPONSE: Status 200
2026-01-27 17:44:06 - INFO - [>>] REQUEST: GET www.msftconnecttest.com/connecttest.txt
2026-01-27 17:44:06 - INFO - [>>] REQUEST: GET www.msftconnecttest.com/connecttest.txt
2026-01-27 17:44:06 - INFO - [>>] REQUEST: GET www.msftconnecttest.com/connecttest.txt
2026-01-27 17:44:06 - INFO - [<<] RESPONSE: Status 200
2026-01-27 17:44:06 - INFO - [<<] RESPONSE: Status 200
2026-01-27 17:44:06 - INFO - [<<] RESPONSE: Status 200
